Build started 2015-02-23 19:00:55.
     1>Project "C:\Users\Marie-Laurence\Documents\GitHub\TP1_Ingographie\Infographie\ift3100\ift3100.vcxproj" on node 2 (Build target(s)).
     1>CustomBuild:
         Moc'ing Window.h...
         Uic'ing Window.ui...
         Rcc'ing Window.qrc...
     1>RCC : warning : No resources in 'C:\Users\Marie-Laurence\Documents\GitHub\TP1_Ingographie\Infographie\ift3100\Window.qrc'.
         
       ClCompile:
         C:\Program Files (x86)\Microsoft Visual Studio 12.0\VC\bin\CL.exe /c /I"C:\Users\Marie-Laurence\Documents\GitHub\TP1_Ingographie\Infographie\ift3100\..\Utilitaires\glew\include" /I"C:\Users\Marie-Laurence\Documents\GitHub\TP1_Ingographie\Infographie\ift3100\..\Utilitaires\glm" /I.\GeneratedFiles /I. /IC:\Qt\Qt5.4.0\5.4\msvc2013_opengl\include /I.\GeneratedFiles\Debug /IC:\Qt\Qt5.4.0\5.4\msvc2013_opengl\include\QtCore /IC:\Qt\Qt5.4.0\5.4\msvc2013_opengl\include\QtGui /IC:\Qt\Qt5.4.0\5.4\msvc2013_opengl\include\QtOpenGL /IC:\Qt\Qt5.4.0\5.4\msvc2013_opengl\include\QtWidgets /I.\Include /Zi /nologo /W1 /WX- /Od /Oy- /D UNICODE /D WIN32 /D WIN64 /D QT_DLL /D QT_CORE_LIB /D QT_GUI_LIB /D QT_OPENGL_LIB /D QT_WIDGETS_LIB /Gm- /EHsc /MDd /GS /fp:precise /Zc:wchar_t /Zc:forScope /Fo"Debug\\" /Fd"Debug\vc120.pdb" /Gd /TP /analyze- /errorReport:prompt Animation2.cpp GeneratedFiles\Debug\moc_Window.cpp main.cpp OpenGL.cpp Animation1.cpp Window.cpp
         Animation2.cpp
         moc_Window.cpp
         main.cpp
         OpenGL.cpp
         Animation1.cpp
         Window.cpp
         Generating Code...
         C:\Program Files (x86)\Microsoft Visual Studio 12.0\VC\bin\CL.exe /c /I"C:\Users\Marie-Laurence\Documents\GitHub\TP1_Ingographie\Infographie\ift3100\..\Utilitaires\glew\include" /I"C:\Users\Marie-Laurence\Documents\GitHub\TP1_Ingographie\Infographie\ift3100\..\Utilitaires\glm" /I.\GeneratedFiles /I. /IC:\Qt\Qt5.4.0\5.4\msvc2013_opengl\include /I.\GeneratedFiles\Debug /IC:\Qt\Qt5.4.0\5.4\msvc2013_opengl\include\QtCore /IC:\Qt\Qt5.4.0\5.4\msvc2013_opengl\include\QtGui /IC:\Qt\Qt5.4.0\5.4\msvc2013_opengl\include\QtOpenGL /IC:\Qt\Qt5.4.0\5.4\msvc2013_opengl\include\QtWidgets /I.\Include /Zi /nologo /W1 /WX- /Od /Oy- /D UNICODE /D WIN32 /D WIN64 /D QT_DLL /D QT_CORE_LIB /D QT_GUI_LIB /D QT_OPENGL_LIB /D QT_WIDGETS_LIB /Gm- /EHsc /MDd /GS /fp:precise /Zc:wchar_t /Zc:forScope /Fo"Debug\\" /Fd"Debug\vc120.pdb" /Gd /TP /analyze- /errorReport:prompt GeneratedFiles\qrc_Window.cpp
         qrc_Window.cpp
       Link:
         C:\Program Files (x86)\Microsoft Visual Studio 12.0\VC\bin\link.exe /ERRORREPORT:PROMPT /OUT:"C:\Users\Marie-Laurence\Documents\GitHub\TP1_Ingographie\Infographie\ift3100\Win32\Debug\\ift3100.exe" /NOLOGO /LIBPATH:"C:\Users\Marie-Laurence\Documents\GitHub\TP1_Ingographie\Infographie\ift3100\..\Utilitaires\glew\lib" /LIBPATH:C:\Qt\Qt5.4.0\5.4\msvc2013_opengl\lib glew32.lib qtmaind.lib Qt5Cored.lib Qt5Guid.lib Qt5OpenGLd.lib opengl32.lib glu32.lib Qt5Widgetsd.lib kernel32.lib user32.lib gdi32.lib winspool.lib comdlg32.lib advapi32.lib shell32.lib ole32.lib oleaut32.lib uuid.lib odbc32.lib odbccp32.lib /MANIFEST /MANIFESTUAC:"level='asInvoker' uiAccess='false'" /manifest:embed /DEBUG /PDB:"C:\Users\Marie-Laurence\Documents\GitHub\TP1_Ingographie\Infographie\ift3100\Win32\Debug\ift3100.pdb" /SUBSYSTEM:CONSOLE /TLBID:1 /DYNAMICBASE /NXCOMPAT /IMPLIB:"C:\Users\Marie-Laurence\Documents\GitHub\TP1_Ingographie\Infographie\ift3100\Win32\Debug\ift3100.lib" /MACHINE:X86 /SAFESEH Debug\Animation2.obj
         Debug\moc_Window.obj
         Debug\qrc_Window.obj
         Debug\main.obj
         Debug\OpenGL.obj
         Debug\Animation1.obj
         Debug\Window.obj
         ift3100.vcxproj -> C:\Users\Marie-Laurence\Documents\GitHub\TP1_Ingographie\Infographie\ift3100\Win32\Debug\ift3100.exe
     1>Done Building Project "C:\Users\Marie-Laurence\Documents\GitHub\TP1_Ingographie\Infographie\ift3100\ift3100.vcxproj" (Build target(s)).

Build succeeded.

Time Elapsed 00:01:12.63
