c:\infographie\ift3100\debug\vc120.pdb
c:\infographie\ift3100\debug\window.obj
c:\infographie\ift3100\debug\opengl.obj
c:\infographie\ift3100\debug\main.obj
c:\infographie\ift3100\debug\moc_window.obj
c:\infographie\ift3100\debug\test.obj
c:\infographie\ift3100\debug\animation1.obj
c:\infographie\ift3100\debug\qrc_window.obj
c:\infographie\ift3100\debug\animation2.obj
c:\infographie\ift3100\generatedfiles\qrc_window.cpp
c:\infographie\ift3100\generatedfiles\debug\moc_window.cpp
c:\infographie\ift3100\generatedfiles\ui_window.h
c:\infographie\ift3100\win32\debug\ift3100.ilk
c:\infographie\ift3100\win32\debug\ift3100.exe
c:\infographie\ift3100\win32\debug\ift3100.pdb
c:\infographie\ift3100\debug\ift3100.tlog\cl.command.1.tlog
c:\infographie\ift3100\debug\ift3100.tlog\cl.read.1.tlog
c:\infographie\ift3100\debug\ift3100.tlog\cl.write.1.tlog
c:\infographie\ift3100\debug\ift3100.tlog\custombuild.command.1.tlog
c:\infographie\ift3100\debug\ift3100.tlog\custombuild.read.1.tlog
c:\infographie\ift3100\debug\ift3100.tlog\custombuild.write.1.tlog
c:\infographie\ift3100\debug\ift3100.tlog\link.command.1.tlog
c:\infographie\ift3100\debug\ift3100.tlog\link.read.1.tlog
c:\infographie\ift3100\debug\ift3100.tlog\link.write.1.tlog
